[2026-02-26 14:12:27,539] multiqc                                            [DEBUG  ]  This is MultiQC v1.17
[2026-02-26 14:12:27,540] multiqc                                            [DEBUG  ]  Command used: /athena/angsd/scratch/mef3005/share/envs/multiqc/bin/multiqc -n GSE95587.multiqc .
[2026-02-26 14:12:28,245] multiqc                                            [DEBUG  ]  Could not connect to multiqc.info for version check: module 'packaging.version' has no attribute 'StrictVersion'
[2026-02-26 14:12:28,245] multiqc                                            [DEBUG  ]  Working dir : /home/fs01/wel4014/angsd_proj
[2026-02-26 14:12:28,245] multiqc                                            [DEBUG  ]  Template    : default
[2026-02-26 14:12:28,245] multiqc                                            [DEBUG  ]  Running Python 3.11.6 | packaged by conda-forge | (main, Oct  3 2023, 10:40:35) [GCC 12.3.0]
[2026-02-26 14:12:28,246] multiqc                                            [DEBUG  ]  Analysing modules: custom_content, ccs, ngsderive, purple, conpair, lima, peddy, somalier, methylQA, mosdepth, phantompeakqualtools, qualimap, preseq, hifiasm, quast, qorts, rna_seqc, rockhopper, rsem, rseqc, busco, bustools, goleft_indexcov, gffcompare, disambiguate, supernova, deeptools, sargasso, verifybamid, mirtrace, happy, mirtop, sambamba, gopeaks, homer, hops, macs2, theta2, snpeff, gatk, htseq, bcftools, featureCounts, fgbio, dragen, dragen_fastqc, dedup, pbmarkdup, damageprofiler, mapdamage, biobambam2, jcvi, mtnucratio, picard, vep, sentieon, bakta, prokka, qc3C, nanostat, samblaster, samtools, sexdeterrmine, eigenstratdatabasetools, bamtools, jellyfish, vcftools, longranger, stacks, varscan2, snippy, umitools, truvari, bbmap, bismark, biscuit, diamond, hicexplorer, hicup, hicpro, salmon, kallisto, slamdunk, star, hisat2, tophat, bowtie2, bowtie1, cellranger, snpsplit, odgi, pangolin, nextclade, freyja, humid, kat, leehom, librarian, adapterRemoval, bbduk, clipandmerge, cutadapt, flexbar, sourmash, kaiju, bracken, kraken, malt, motus, trimmomatic, sickle, skewer, sortmerna, biobloomtools, fastq_screen, afterqc, fastp, fastqc, filtlong, prinseqplusplus, pychopper, porechop, pycoqc, minionqc, anglerfish, multivcfanalyzer, clusterflow, checkqc, bcl2fastq, bclconvert, interop, ivar, flash, seqyclean, optitype, whatshap
[2026-02-26 14:12:28,246] multiqc                                            [DEBUG  ]  Using temporary directory for creating report: /tmp/tmpfkymcccw
[2026-02-26 14:12:28,332] multiqc                                            [INFO   ]  Search path : /home/fs01/wel4014/angsd_proj
[2026-02-26 14:12:30,983] multiqc                                            [DEBUG  ]  Summary of files that were skipped by the search: [skipped_module_specific_max_filesize: 521] // [skipped_no_match: 65] // [skipped_ignore_pattern: 26] // [skipped_filesize_limit: 5]
[2026-02-26 14:12:38,506] multiqc.plots.bargraph                             [DEBUG  ]  Using matplotlib version 3.8.1
[2026-02-26 14:12:38,564] multiqc.plots.linegraph                            [DEBUG  ]  Using matplotlib version 3.8.1
[2026-02-26 14:12:38,604] multiqc                                            [DEBUG  ]  No samples found: custom_content
[2026-02-26 14:12:43,480] multiqc                                            [DEBUG  ]  No samples found: htseq
[2026-02-26 14:12:43,729] multiqc.modules.samtools.samtools                  [INFO   ]  Found 6 flagstat reports
[2026-02-26 14:12:43,938] multiqc.modules.star.star                          [INFO   ]  Found 12 reports
[2026-02-26 14:12:43,938] multiqc.utils.software_versions                    [DEBUG  ]  Reading software versions from config.software_versions
[2026-02-26 14:12:43,947] multiqc                                            [DEBUG  ]  Compressing plot data
[2026-02-26 14:12:43,953] multiqc                                            [INFO   ]  Report      : GSE95587.multiqc.html
[2026-02-26 14:12:43,953] multiqc                                            [INFO   ]  Data        : GSE95587.multiqc_data
[2026-02-26 14:12:43,953] multiqc                                            [DEBUG  ]  Moving data file from '/tmp/tmpfkymcccw/multiqc_data' to '/home/fs01/wel4014/angsd_proj/GSE95587.multiqc_data'
[2026-02-26 14:12:44,063] multiqc                                            [DEBUG  ]  Full report path: /home/fs01/wel4014/angsd_proj/GSE95587.multiqc.html
[2026-02-26 14:12:45,305] multiqc                                            [INFO   ]  MultiQC complete
