Started analysis of SRR5305480.Aligned.sortedByCoord.out.bam
Started analysis of SRR5305508.Aligned.sortedByCoord.out.bam
Started analysis of SRR5305524.Aligned.sortedByCoord.out.bam
Started analysis of SRR5305546.Aligned.sortedByCoord.out.bam
Approx 5% complete for SRR5305480.Aligned.sortedByCoord.out.bam
Approx 5% complete for SRR5305546.Aligned.sortedByCoord.out.bam
Approx 5% complete for SRR5305508.Aligned.sortedByCoord.out.bam
Approx 5% complete for SRR5305524.Aligned.sortedByCoord.out.bam
Approx 10% complete for SRR5305480.Aligned.sortedByCoord.out.bam
Approx 10% complete for SRR5305546.Aligned.sortedByCoord.out.bam
Approx 10% complete for SRR5305508.Aligned.sortedByCoord.out.bam
Approx 10% complete for SRR5305524.Aligned.sortedByCoord.out.bam
Approx 15% complete for SRR5305480.Aligned.sortedByCoord.out.bam
Approx 15% complete for SRR5305546.Aligned.sortedByCoord.out.bam
Approx 15% complete for SRR5305508.Aligned.sortedByCoord.out.bam
Approx 20% complete for SRR5305480.Aligned.sortedByCoord.out.bam
Approx 15% complete for SRR5305524.Aligned.sortedByCoord.out.bam
Approx 20% complete for SRR5305546.Aligned.sortedByCoord.out.bam
Approx 20% complete for SRR5305508.Aligned.sortedByCoord.out.bam
Approx 25% complete for SRR5305480.Aligned.sortedByCoord.out.bam
Approx 20% complete for SRR5305524.Aligned.sortedByCoord.out.bam
Approx 25% complete for SRR5305546.Aligned.sortedByCoord.out.bam
Approx 30% complete for SRR5305480.Aligned.sortedByCoord.out.bam
Approx 25% complete for SRR5305508.Aligned.sortedByCoord.out.bam
Approx 30% complete for SRR5305546.Aligned.sortedByCoord.out.bam
Approx 35% complete for SRR5305480.Aligned.sortedByCoord.out.bam
Approx 25% complete for SRR5305524.Aligned.sortedByCoord.out.bam
Approx 30% complete for SRR5305508.Aligned.sortedByCoord.out.bam
Approx 40% complete for SRR5305480.Aligned.sortedByCoord.out.bam
Approx 35% complete for SRR5305546.Aligned.sortedByCoord.out.bam
Approx 35% complete for SRR5305508.Aligned.sortedByCoord.out.bam
Approx 30% complete for SRR5305524.Aligned.sortedByCoord.out.bam
Approx 45% complete for SRR5305480.Aligned.sortedByCoord.out.bam
Approx 40% complete for SRR5305546.Aligned.sortedByCoord.out.bam
Approx 40% complete for SRR5305508.Aligned.sortedByCoord.out.bam
Approx 35% complete for SRR5305524.Aligned.sortedByCoord.out.bam
Approx 50% complete for SRR5305480.Aligned.sortedByCoord.out.bam
Approx 45% complete for SRR5305546.Aligned.sortedByCoord.out.bam
Approx 45% complete for SRR5305508.Aligned.sortedByCoord.out.bam
Approx 55% complete for SRR5305480.Aligned.sortedByCoord.out.bam
Approx 40% complete for SRR5305524.Aligned.sortedByCoord.out.bam
Approx 50% complete for SRR5305546.Aligned.sortedByCoord.out.bam
Approx 60% complete for SRR5305480.Aligned.sortedByCoord.out.bam
Approx 50% complete for SRR5305508.Aligned.sortedByCoord.out.bam
Approx 45% complete for SRR5305524.Aligned.sortedByCoord.out.bam
Approx 55% complete for SRR5305546.Aligned.sortedByCoord.out.bam
Approx 65% complete for SRR5305480.Aligned.sortedByCoord.out.bam
Approx 55% complete for SRR5305508.Aligned.sortedByCoord.out.bam
Approx 70% complete for SRR5305480.Aligned.sortedByCoord.out.bam
Approx 60% complete for SRR5305546.Aligned.sortedByCoord.out.bam
Approx 50% complete for SRR5305524.Aligned.sortedByCoord.out.bam
Approx 60% complete for SRR5305508.Aligned.sortedByCoord.out.bam
Approx 75% complete for SRR5305480.Aligned.sortedByCoord.out.bam
Approx 65% complete for SRR5305546.Aligned.sortedByCoord.out.bam
Approx 55% complete for SRR5305524.Aligned.sortedByCoord.out.bam
Approx 65% complete for SRR5305508.Aligned.sortedByCoord.out.bam
Approx 80% complete for SRR5305480.Aligned.sortedByCoord.out.bam
Approx 70% complete for SRR5305546.Aligned.sortedByCoord.out.bam
Approx 70% complete for SRR5305508.Aligned.sortedByCoord.out.bam
Approx 60% complete for SRR5305524.Aligned.sortedByCoord.out.bam
Approx 85% complete for SRR5305480.Aligned.sortedByCoord.out.bam
Approx 75% complete for SRR5305546.Aligned.sortedByCoord.out.bam
Approx 90% complete for SRR5305480.Aligned.sortedByCoord.out.bam
Approx 75% complete for SRR5305508.Aligned.sortedByCoord.out.bam
Approx 65% complete for SRR5305524.Aligned.sortedByCoord.out.bam
Approx 80% complete for SRR5305546.Aligned.sortedByCoord.out.bam
Approx 95% complete for SRR5305480.Aligned.sortedByCoord.out.bam
Approx 80% complete for SRR5305508.Aligned.sortedByCoord.out.bam
Approx 70% complete for SRR5305524.Aligned.sortedByCoord.out.bam
Approx 85% complete for SRR5305546.Aligned.sortedByCoord.out.bam
Approx 100% complete for SRR5305480.Aligned.sortedByCoord.out.bam
Approx 85% complete for SRR5305508.Aligned.sortedByCoord.out.bam
Approx 90% complete for SRR5305546.Aligned.sortedByCoord.out.bam
Started analysis of SRR5305567.Aligned.sortedByCoord.out.bam
Approx 75% complete for SRR5305524.Aligned.sortedByCoord.out.bam
Approx 5% complete for SRR5305567.Aligned.sortedByCoord.out.bam
Approx 90% complete for SRR5305508.Aligned.sortedByCoord.out.bam
Approx 95% complete for SRR5305546.Aligned.sortedByCoord.out.bam
Approx 80% complete for SRR5305524.Aligned.sortedByCoord.out.bam
Approx 10% complete for SRR5305567.Aligned.sortedByCoord.out.bam
Approx 95% complete for SRR5305508.Aligned.sortedByCoord.out.bam
Approx 100% complete for SRR5305546.Aligned.sortedByCoord.out.bam
Started analysis of SRR5305591.Aligned.sortedByCoord.out.bam
Approx 15% complete for SRR5305567.Aligned.sortedByCoord.out.bam
Approx 85% complete for SRR5305524.Aligned.sortedByCoord.out.bam
Approx 100% complete for SRR5305508.Aligned.sortedByCoord.out.bam
Approx 5% complete for SRR5305591.Aligned.sortedByCoord.out.bam
Approx 20% complete for SRR5305567.Aligned.sortedByCoord.out.bam
Approx 90% complete for SRR5305524.Aligned.sortedByCoord.out.bam
Approx 25% complete for SRR5305567.Aligned.sortedByCoord.out.bam
Approx 10% complete for SRR5305591.Aligned.sortedByCoord.out.bam
Approx 15% complete for SRR5305591.Aligned.sortedByCoord.out.bam
Approx 30% complete for SRR5305567.Aligned.sortedByCoord.out.bam
Approx 95% complete for SRR5305524.Aligned.sortedByCoord.out.bam
Approx 20% complete for SRR5305591.Aligned.sortedByCoord.out.bam
Approx 35% complete for SRR5305567.Aligned.sortedByCoord.out.bam
Approx 100% complete for SRR5305524.Aligned.sortedByCoord.out.bam
Approx 25% complete for SRR5305591.Aligned.sortedByCoord.out.bam
Approx 40% complete for SRR5305567.Aligned.sortedByCoord.out.bam
Approx 45% complete for SRR5305567.Aligned.sortedByCoord.out.bam
Approx 30% complete for SRR5305591.Aligned.sortedByCoord.out.bam
Approx 50% complete for SRR5305567.Aligned.sortedByCoord.out.bam
Approx 35% complete for SRR5305591.Aligned.sortedByCoord.out.bam
Approx 55% complete for SRR5305567.Aligned.sortedByCoord.out.bam
Approx 40% complete for SRR5305591.Aligned.sortedByCoord.out.bam
Approx 60% complete for SRR5305567.Aligned.sortedByCoord.out.bam
Approx 45% complete for SRR5305591.Aligned.sortedByCoord.out.bam
Approx 65% complete for SRR5305567.Aligned.sortedByCoord.out.bam
Approx 50% complete for SRR5305591.Aligned.sortedByCoord.out.bam
Approx 70% complete for SRR5305567.Aligned.sortedByCoord.out.bam
Approx 75% complete for SRR5305567.Aligned.sortedByCoord.out.bam
Approx 55% complete for SRR5305591.Aligned.sortedByCoord.out.bam
Approx 80% complete for SRR5305567.Aligned.sortedByCoord.out.bam
Approx 60% complete for SRR5305591.Aligned.sortedByCoord.out.bam
Approx 85% complete for SRR5305567.Aligned.sortedByCoord.out.bam
Approx 65% complete for SRR5305591.Aligned.sortedByCoord.out.bam
Approx 90% complete for SRR5305567.Aligned.sortedByCoord.out.bam
Approx 70% complete for SRR5305591.Aligned.sortedByCoord.out.bam
Approx 95% complete for SRR5305567.Aligned.sortedByCoord.out.bam
Approx 75% complete for SRR5305591.Aligned.sortedByCoord.out.bam
Approx 100% complete for SRR5305567.Aligned.sortedByCoord.out.bam
Approx 80% complete for SRR5305591.Aligned.sortedByCoord.out.bam
Approx 85% complete for SRR5305591.Aligned.sortedByCoord.out.bam
Approx 90% complete for SRR5305591.Aligned.sortedByCoord.out.bam
Approx 95% complete for SRR5305591.Aligned.sortedByCoord.out.bam
Approx 100% complete for SRR5305591.Aligned.sortedByCoord.out.bam

  /// MultiQC 🔍 | v1.17

|           multiqc | Search path : /home/fs01/wel4014/angsd_proj/qc/fastqc
|         searching | ━━━━━━━━━━━━━━━━━━━━━━━━━━━━━━━━━━━━━━━━ 100% 20/20  
|            fastqc | Found 10 reports
|            fastqc | Sample had zero reads: 'SRR5305558'
|            fastqc | Sample had zero reads: 'SRR5305483'
|            fastqc | Sample had zero reads: 'SRR5305576'
|            fastqc | Sample had zero reads: 'SRR5305477'
|           multiqc | Report      : qc/multiqc/qc_alignments_report.html
|           multiqc | Data        : qc/multiqc/qc_alignments_report_data
|           multiqc | MultiQC complete
