Running on compute node: c0010
Start time: Fri Mar 27 00:49:44 EDT 2026
====================================
Downloading SRR5305558 (AD)
====================================
Compressing SRR5305558...
SRR5305558 done: Fri Mar 27 01:17:07 EDT 2026
====================================
Downloading SRR5305477 (AD)
====================================
Compressing SRR5305477...
SRR5305477 done: Fri Mar 27 02:02:46 EDT 2026
====================================
Downloading SRR5305483 (Control)
====================================
Compressing SRR5305483...
SRR5305483 done: Fri Mar 27 02:34:50 EDT 2026
====================================
Downloading SRR5305576 (Control)
====================================
Compressing SRR5305576...
SRR5305576 done: Fri Mar 27 03:28:03 EDT 2026
All downloads completed: Fri Mar 27 03:28:03 EDT 2026
