Running on compute node: c0010
Start time: Thu Mar 26 23:42:02 EDT 2026
====================================
Downloading SRR5305558 (AD)
====================================
Compressing SRR5305558...
SRR5305558 done: Thu Mar 26 23:42:04 EDT 2026
====================================
Downloading SRR5305477 (AD)
====================================
Compressing SRR5305477...
SRR5305477 done: Thu Mar 26 23:42:04 EDT 2026
====================================
Downloading SRR5305483 (Control)
====================================
Compressing SRR5305483...
SRR5305483 done: Thu Mar 26 23:42:04 EDT 2026
====================================
Downloading SRR5305576 (Control)
====================================
Compressing SRR5305576...
SRR5305576 done: Thu Mar 26 23:42:04 EDT 2026
All downloads completed: Thu Mar 26 23:42:04 EDT 2026
